<?xml version="1.0" encoding="UTF-8"?>
<!-- Generated by org.testng.reporters.JUnitReportReporter -->
<testsuite skipped="0" hostname="vaibhav-Latitude-3550" name="com.reports.testcases.TestLogin_Page" tests="1" failures="0" timestamp="16 Apr 2019 07:49:06 GMT" time="5.293" errors="0">
  <testcase name="login" time="5.293" classname="com.reports.testcases.TestLogin_Page"/>
</testsuite> <!-- com.reports.testcases.TestLogin_Page -->
