<?xml version="1.0" encoding="UTF-8"?>
<!-- Generated by org.testng.reporters.JUnitReportReporter -->
<testsuite skipped="0" hostname="vaibhav-Latitude-3550" name="com.reports.testcases.TestRevenueAccrualReportBuilder" tests="59" failures="0" timestamp="26 Apr 2019 12:32:42 GMT" time="174.399" errors="0">
  <testcase name="test3MonthPdf" time="0.296" classname="com.reports.testcases.TestRevenueAccrualReportBuilder"/>
  <testcase name="test3MonthCsv" time="0.226" classname="com.reports.testcases.TestRevenueAccrualReportBuilder"/>
  <testcase name="test3MonthText" time="0.196" classname="com.reports.testcases.TestRevenueAccrualReportBuilder"/>
  <testcase name="testDateFieldsBlank_pdf" time="0.196" classname="com.reports.testcases.TestRevenueAccrualReportBuilder"/>
  <testcase name="testDateFieldsBlank_csv" time="0.148" classname="com.reports.testcases.TestRevenueAccrualReportBuilder"/>
  <testcase name="testDateFieldsBlank_text" time="0.199" classname="com.reports.testcases.TestRevenueAccrualReportBuilder"/>
  <testcase name="testFromDateFieldBlank_pdf" time="0.180" classname="com.reports.testcases.TestRevenueAccrualReportBuilder"/>
  <testcase name="testToDateFieldBlank_pdf" time="0.151" classname="com.reports.testcases.TestRevenueAccrualReportBuilder"/>
  <testcase name="testFromDateFieldBlank_cvs" time="0.161" classname="com.reports.testcases.TestRevenueAccrualReportBuilder"/>
  <testcase name="testToDateFieldBlank_cvs" time="0.178" classname="com.reports.testcases.TestRevenueAccrualReportBuilder"/>
  <testcase name="testFromDateFieldBlank_text" time="0.179" classname="com.reports.testcases.TestRevenueAccrualReportBuilder"/>
  <testcase name="testToDateFieldBlank_text" time="0.148" classname="com.reports.testcases.TestRevenueAccrualReportBuilder"/>
  <testcase name="testDateFieldsBlank_favSaveButton" time="0.201" classname="com.reports.testcases.TestRevenueAccrualReportBuilder"/>
  <testcase name="testFromDateFieldBlank_favSaveButton" time="0.224" classname="com.reports.testcases.TestRevenueAccrualReportBuilder"/>
  <testcase name="testToDateFieldBlank_favSaveButton" time="0.209" classname="com.reports.testcases.TestRevenueAccrualReportBuilder"/>
  <testcase name="checkForThisFinancialYear" time="0.150" classname="com.reports.testcases.TestRevenueAccrualReportBuilder"/>
  <testcase name="checkForPreviousFinancialYear" time="0.113" classname="com.reports.testcases.TestRevenueAccrualReportBuilder"/>
  <testcase name="verifyDateFieldsForYesterdayOptions" time="0.614" classname="com.reports.testcases.TestRevenueAccrualReportBuilder"/>
  <testcase name="verifyDateFieldsForTodayOptions" time="0.328" classname="com.reports.testcases.TestRevenueAccrualReportBuilder"/>
  <testcase name="verifyDateFieldsForPreviousMonthOptions" time="0.328" classname="com.reports.testcases.TestRevenueAccrualReportBuilder"/>
  <testcase name="verifyDateFieldsForThisMonthOptions" time="0.335" classname="com.reports.testcases.TestRevenueAccrualReportBuilder"/>
  <testcase name="verifyDateFieldsForFromPastToFuture_pdf" time="0.231" classname="com.reports.testcases.TestRevenueAccrualReportBuilder"/>
  <testcase name="verifyDateFieldsForFromPastToFuture_csv" time="0.197" classname="com.reports.testcases.TestRevenueAccrualReportBuilder"/>
  <testcase name="verifyDateFieldsForFromPastToFuture_text" time="0.168" classname="com.reports.testcases.TestRevenueAccrualReportBuilder"/>
  <testcase name="verifyDateFieldsForFromPastToFuture_fav" time="0.213" classname="com.reports.testcases.TestRevenueAccrualReportBuilder"/>
  <testcase name="vreifyForYesterdaysDateOnReFreshing" time="26.688" classname="com.reports.testcases.TestRevenueAccrualReportBuilder"/>
  <testcase name="checkAutoCustomDateOption" time="0.686" classname="com.reports.testcases.TestRevenueAccrualReportBuilder"/>
  <testcase name="verifyAllowedReportDurationDropdown" time="0.534" classname="com.reports.testcases.TestRevenueAccrualReportBuilder"/>
  <testcase name="verifyAllowedReportDurationDropdown" time="0.532" classname="com.reports.testcases.TestRevenueAccrualReportBuilder"/>
  <testcase name="verifyAllowedReportDurationDropdown" time="0.563" classname="com.reports.testcases.TestRevenueAccrualReportBuilder"/>
  <testcase name="verifyAllowedReportDurationDropdown" time="0.518" classname="com.reports.testcases.TestRevenueAccrualReportBuilder"/>
  <testcase name="pdfTest" time="1.193" classname="com.reports.testcases.TestRevenueAccrualReportBuilder"/>
  <testcase name="pdfTest" time="1.242" classname="com.reports.testcases.TestRevenueAccrualReportBuilder"/>
  <testcase name="pdfTest" time="1.126" classname="com.reports.testcases.TestRevenueAccrualReportBuilder"/>
  <testcase name="pdfTest" time="1.514" classname="com.reports.testcases.TestRevenueAccrualReportBuilder"/>
  <testcase name="pdfTest" time="1.110" classname="com.reports.testcases.TestRevenueAccrualReportBuilder"/>
  <testcase name="pdfTest" time="4.765" classname="com.reports.testcases.TestRevenueAccrualReportBuilder"/>
  <testcase name="pdfTest" time="1.481" classname="com.reports.testcases.TestRevenueAccrualReportBuilder"/>
  <testcase name="pdfTest" time="1.127" classname="com.reports.testcases.TestRevenueAccrualReportBuilder"/>
  <testcase name="createFavouritesForAllowedReportDurationoption" time="6.284" classname="com.reports.testcases.TestRevenueAccrualReportBuilder"/>
  <testcase name="createFavouritesForAllowedReportDurationoption" time="6.859" classname="com.reports.testcases.TestRevenueAccrualReportBuilder"/>
  <testcase name="createFavouritesForAllowedReportDurationoption" time="5.223" classname="com.reports.testcases.TestRevenueAccrualReportBuilder"/>
  <testcase name="createFavouritesForAllowedReportDurationoption" time="5.449" classname="com.reports.testcases.TestRevenueAccrualReportBuilder"/>
  <testcase name="checkFavouriteReportsForDefaultDate_option1" time="15.561" classname="com.reports.testcases.TestRevenueAccrualReportBuilder"/>
  <testcase name="checkFavouriteReportsForDefaultDate_option2" time="15.607" classname="com.reports.testcases.TestRevenueAccrualReportBuilder"/>
  <testcase name="checkFavouriteReportsForDefaultDate_option3" time="15.466" classname="com.reports.testcases.TestRevenueAccrualReportBuilder"/>
  <testcase name="checkFavouriteReportsForDefaultDate_optionSelect" time="15.260" classname="com.reports.testcases.TestRevenueAccrualReportBuilder"/>
  <testcase name="switchToTheUser" time="1.618" classname="com.reports.testcases.TestRevenueAccrualReportBuilder"/>
  <testcase name="check1MonthFavPDFReport" time="9.523" classname="com.reports.testcases.TestRevenueAccrualReportBuilder"/>
  <testcase name="check2MonthFavPDFReport" time="9.443" classname="com.reports.testcases.TestRevenueAccrualReportBuilder"/>
  <testcase name="check3MonthFavPDFReport" time="9.377" classname="com.reports.testcases.TestRevenueAccrualReportBuilder"/>
  <testcase name="chekForCorporateOffice" time="0.349" classname="com.reports.testcases.TestRevenueAccrualReportBuilder"/>
  <testcase name="chekForCorporateOffice" time="0.362" classname="com.reports.testcases.TestRevenueAccrualReportBuilder"/>
  <testcase name="chekForCorporateOffice" time="0.394" classname="com.reports.testcases.TestRevenueAccrualReportBuilder"/>
  <testcase name="chekForCorporateOffice" time="0.351" classname="com.reports.testcases.TestRevenueAccrualReportBuilder"/>
  <testcase name="chekForCorporateOffice" time="0.343" classname="com.reports.testcases.TestRevenueAccrualReportBuilder"/>
  <testcase name="chekForCorporateOffice" time="0.344" classname="com.reports.testcases.TestRevenueAccrualReportBuilder"/>
  <testcase name="chekForCorporateOffice" time="0.332" classname="com.reports.testcases.TestRevenueAccrualReportBuilder"/>
  <testcase name="chekForCorporateOffice" time="7.606" classname="com.reports.testcases.TestRevenueAccrualReportBuilder"/>
</testsuite> <!-- com.reports.testcases.TestRevenueAccrualReportBuilder -->
